	#HD: Parsing log file "./implement/config_ocp_rw_reg_implement/create_project.log":


	#HD: Parsing log file "./implement/config_ocp_rw_reg_implement/patmos_top_link_design.log":
	CRITICAL WARNING: [Constraints 18-1056] Clock 'clk_in' completely overrides clock 'sys_clk_pin'.
	CRITICAL WARNING: [Vivado 12-4739] set_false_path:No valid object(s) found for '-through [get_pins -hier -filter {NAME =~ */u_iodelay_ctrl/sys_rst}]'. [/home/lpez/t-crest/reconfig/build/nexys4ddr-recon/sources/hdl/ddr2_ctrl/constraints/ddr2_ctrl.xdc:330]
	CRITICAL WARNING: [Project 1-486] Could not resolve non-primitive black box cell 'ocp_rw_reg' instantiated as 'ocp_rw_reg_inst_0' [/home/lpez/t-crest/reconfig/build/nexys4ddr-recon/sources/hdl/patmos_nexys4ddr-recon.vhdl:591]


	#HD: Parsing log file "./implement/config_ocp_rw_reg_implement/read_checkpoint_ocp_rw_reg_ocp_rw_reg_inst_0.log":


	#HD: Parsing log file "./implement/config_ocp_rw_reg_implement/temp.log":


	#HD: Parsing log file "./implement/config_ocp_rw_reg_implement/patmos_top_opt_design.log":


	#HD: Parsing log file "./implement/config_ocp_rw_reg_implement/temp.log":


	#HD: Parsing log file "./implement/config_ocp_rw_reg_implement/patmos_top_place_design.log":


	#HD: Parsing log file "./implement/config_ocp_rw_reg_implement/temp.log":


	#HD: Parsing log file "./implement/config_ocp_rw_reg_implement/patmos_top_phys_opt_design.log":


	#HD: Parsing log file "./implement/config_ocp_rw_reg_implement/temp.log":


	#HD: Parsing log file "./implement/config_ocp_rw_reg_implement/patmos_top_route_design.log":


	#HD: Parsing log file "./implement/config_ocp_rw_reg_implement/temp.log":


	#HD: Parsing log file "./implement/config_ocp_rw_reg_implement/temp.log":


	#HD: Parsing log file "./implement/config_ocp_rw_reg_implement/temp.log":


	#HD: Parsing log file "./implement/config_ocp_rw_reg_implement/temp.log":


	#HD: Parsing log file "./implement/config_ocp_rw_reg_implement/reports/temp.log":


	#HD: Parsing log file "./implement/config_ocp_rw_reg_implement/reports/patmos_top_design_status.rpt":


	#HD: Parsing log file "./implement/config_ocp_rw_reg_implement/temp.log":


	#HD: Parsing log file "./implement/config_ocp_rw_reg_implement/carve_ocp_rw_reg_inst_0.log":


	#HD: Parsing log file "./implement/config_ocp_rw_reg_implement/lock_design_patmos_top.log":


	#HD: Parsing log file "./implement/config_ocp_rw_reg_implement/temp.log":


